{"C:\\Users\\coltt\\OneDrive\\Desktop\\comp-sci\\src\\bst-node.js": {"path":"C:\\Users\\coltt\\OneDrive\\Desktop\\comp-sci\\src\\bst-node.js","statementMap":{"0":{"start":{"line":3,"column":4},"end":{"line":3,"column":21}},"1":{"start":{"line":4,"column":4},"end":{"line":4,"column":21}},"2":{"start":{"line":5,"column":4},"end":{"line":5,"column":22}}},"fnMap":{"0":{"name":"(anonymous_0)","decl":{"start":{"line":2,"column":2},"end":{"line":2,"column":3}},"loc":{"start":{"line":2,"column":20},"end":{"line":6,"column":3}},"line":2}},"branchMap":{},"s":{"0":14,"1":14,"2":14},"f":{"0":14},"b":{},"_coverageSchema":"43e27e138ebf9cfc5966b082cf9a028302ed4184","hash":"242ddd0c804cd8675fd8101a4a545705c9133947"}
,"C:\\Users\\coltt\\OneDrive\\Desktop\\comp-sci\\src\\bst.js": {"path":"C:\\Users\\coltt\\OneDrive\\Desktop\\comp-sci\\src\\bst.js","statementMap":{"0":{"start":{"line":6,"column":4},"end":{"line":6,"column":21}},"1":{"start":{"line":10,"column":4},"end":{"line":33,"column":5}},"2":{"start":{"line":11,"column":6},"end":{"line":11,"column":31}},"3":{"start":{"line":13,"column":24},"end":{"line":13,"column":33}},"4":{"start":{"line":14,"column":6},"end":{"line":32,"column":7}},"5":{"start":{"line":15,"column":8},"end":{"line":31,"column":9}},"6":{"start":{"line":16,"column":10},"end":{"line":21,"column":11}},"7":{"start":{"line":17,"column":12},"end":{"line":17,"column":44}},"8":{"start":{"line":18,"column":12},"end":{"line":18,"column":24}},"9":{"start":{"line":20,"column":12},"end":{"line":20,"column":43}},"10":{"start":{"line":22,"column":15},"end":{"line":31,"column":9}},"11":{"start":{"line":23,"column":10},"end":{"line":28,"column":11}},"12":{"start":{"line":24,"column":12},"end":{"line":24,"column":45}},"13":{"start":{"line":25,"column":12},"end":{"line":25,"column":24}},"14":{"start":{"line":27,"column":12},"end":{"line":27,"column":43}},"15":{"start":{"line":30,"column":10},"end":{"line":30,"column":22}}},"fnMap":{"0":{"name":"(anonymous_0)","decl":{"start":{"line":5,"column":2},"end":{"line":5,"column":3}},"loc":{"start":{"line":5,"column":16},"end":{"line":7,"column":3}},"line":5},"1":{"name":"(anonymous_1)","decl":{"start":{"line":9,"column":2},"end":{"line":9,"column":3}},"loc":{"start":{"line":9,"column":23},"end":{"line":34,"column":3}},"line":9}},"branchMap":{"0":{"loc":{"start":{"line":10,"column":4},"end":{"line":33,"column":5}},"type":"if","locations":[{"start":{"line":10,"column":4},"end":{"line":33,"column":5}},{"start":{"line":10,"column":4},"end":{"line":33,"column":5}}],"line":10},"1":{"loc":{"start":{"line":15,"column":8},"end":{"line":31,"column":9}},"type":"if","locations":[{"start":{"line":15,"column":8},"end":{"line":31,"column":9}},{"start":{"line":15,"column":8},"end":{"line":31,"column":9}}],"line":15},"2":{"loc":{"start":{"line":16,"column":10},"end":{"line":21,"column":11}},"type":"if","locations":[{"start":{"line":16,"column":10},"end":{"line":21,"column":11}},{"start":{"line":16,"column":10},"end":{"line":21,"column":11}}],"line":16},"3":{"loc":{"start":{"line":22,"column":15},"end":{"line":31,"column":9}},"type":"if","locations":[{"start":{"line":22,"column":15},"end":{"line":31,"column":9}},{"start":{"line":22,"column":15},"end":{"line":31,"column":9}}],"line":22},"4":{"loc":{"start":{"line":23,"column":10},"end":{"line":28,"column":11}},"type":"if","locations":[{"start":{"line":23,"column":10},"end":{"line":28,"column":11}},{"start":{"line":23,"column":10},"end":{"line":28,"column":11}}],"line":23}},"s":{"0":7,"1":13,"2":6,"3":7,"4":7,"5":9,"6":4,"7":3,"8":3,"9":1,"10":5,"11":4,"12":3,"13":3,"14":1,"15":1},"f":{"0":7,"1":13},"b":{"0":[6,7],"1":[4,5],"2":[3,1],"3":[4,1],"4":[3,1]},"_coverageSchema":"43e27e138ebf9cfc5966b082cf9a028302ed4184","hash":"cf2875437da93896193a38c34a9225b13e3c735f"}
}
