TN:
SF:C:\Users\coltt\OneDrive\Desktop\comp-sci\src\bst-node.js
FN:2,(anonymous_0)
FNF:1
FNH:1
FNDA:14,(anonymous_0)
DA:3,14
DA:4,14
DA:5,14
LF:3
LH:3
BRF:0
BRH:0
end_of_record
TN:
SF:C:\Users\coltt\OneDrive\Desktop\comp-sci\src\bst.js
FN:5,(anonymous_0)
FN:9,(anonymous_1)
FNF:2
FNH:2
FNDA:7,(anonymous_0)
FNDA:13,(anonymous_1)
DA:6,7
DA:10,13
DA:11,6
DA:13,7
DA:14,7
DA:15,9
DA:16,4
DA:17,3
DA:18,3
DA:20,1
DA:22,5
DA:23,4
DA:24,3
DA:25,3
DA:27,1
DA:30,1
LF:16
LH:16
BRDA:10,0,0,6
BRDA:10,0,1,7
BRDA:15,1,0,4
BRDA:15,1,1,5
BRDA:16,2,0,3
BRDA:16,2,1,1
BRDA:22,3,0,4
BRDA:22,3,1,1
BRDA:23,4,0,3
BRDA:23,4,1,1
BRF:10
BRH:10
end_of_record
